<?xml version="1.0" encoding="UTF-8"?>
<testng-results skipped="0" failed="0" ignored="0" total="1" passed="1">
  <reporter-output>
  </reporter-output>
  <suite name="Default suite" duration-ms="121740" started-at="2017-11-28T14:25:47Z" finished-at="2017-11-28T14:27:49Z">
    <groups>
    </groups>
    <test name="Default test" duration-ms="121740" started-at="2017-11-28T14:25:47Z" finished-at="2017-11-28T14:27:49Z">
      <class name="com.YouTube.Test.LoginTest">
        <test-method status="PASS" signature="precondition()[pri:0, instance:com.YouTube.Test.LoginTest@36d4b5c]" name="precondition" is-config="true" duration-ms="13704" started-at="2017-11-28T19:55:47Z" finished-at="2017-11-28T19:56:01Z">
          <reporter-output>
          </reporter-output>
        </test-method> <!-- precondition -->
        <test-method status="PASS" signature="verifySearch()[pri:0, instance:com.YouTube.Test.LoginTest@36d4b5c]" name="verifySearch" duration-ms="105856" started-at="2017-11-28T19:56:01Z" finished-at="2017-11-28T19:57:47Z">
          <reporter-output>
          </reporter-output>
        </test-method> <!-- verifySearch -->
        <test-method status="PASS" signature="postcondition()[pri:0, instance:com.YouTube.Test.LoginTest@36d4b5c]" name="postcondition" is-config="true" duration-ms="2136" started-at="2017-11-28T19:57:47Z" finished-at="2017-11-28T19:57:49Z">
          <reporter-output>
          </reporter-output>
        </test-method> <!-- postcondition -->
      </class> <!-- com.YouTube.Test.LoginTest -->
    </test> <!-- Default test -->
  </suite> <!-- Default suite -->
</testng-results>
